<?xml version="1.0" encoding="UTF-8"?>
<!-- Generated by org.testng.reporters.JUnitXMLReporter -->
<testsuite hostname="ada-PC" ignored="0" name="Ebanking Test" tests="2" failures="0" timestamp="13 Feb 2020 07:23:00 GMT" time="0.168" errors="0">
  <testcase name="@BeforeClass setup" time="0.082" classname="Testcases.Base_class">
    <failure type="java.lang.NoClassDefFoundError" message="com/google/common/collect/ImmutableMap">
      <![CDATA[java.lang.NoClassDefFoundError: com/google/common/collect/ImmutableMap
	at org.openqa.selenium.remote.service.DriverService$Builder.<init>(DriverService.java:250)
	at org.openqa.selenium.chrome.ChromeDriverService$Builder.<init>(ChromeDriverService.java:98)
	at org.openqa.selenium.chrome.ChromeDriverService.createDefaultService(ChromeDriverService.java:91)
	at org.openqa.selenium.chrome.ChromeDriver.<init>(ChromeDriver.java:123)
	at Testcases.Base_class.setup(Base_class.java:39)
Caused by: java.lang.ClassNotFoundException: com.google.common.collect.ImmutableMap
	at java.net.URLClassLoader.findClass(URLClassLoader.java:381)
	at java.lang.ClassLoader.loadClass(ClassLoader.java:424)
	at sun.misc.Launcher$AppClassLoader.loadClass(Launcher.java:349)
	at java.lang.ClassLoader.loadClass(ClassLoader.java:357)
	... 30 more
... Removed 25 stack frames]]>
    </failure>
  </testcase> <!-- @BeforeClass setup -->
  <testcase name="@AfterClass teardown" time="0.0" classname="Testcases.Base_class">
    <skipped/>
  </testcase> <!-- @AfterClass teardown -->
  <testcase name="@BeforeClass setup" time="0.0" classname="Testcases.Base_class">
    <skipped/>
  </testcase> <!-- @BeforeClass setup -->
  <testcase name="@AfterClass teardown" time="0.0" classname="Testcases.Base_class">
    <skipped/>
  </testcase> <!-- @AfterClass teardown -->
  <testcase name="Logintest" time="0.001" classname="Testcases.TC_Logintest">
    <skipped/>
  </testcase> <!-- Logintest -->
  <testcase name="loginDDT" time="0.0" classname="Testcases.TC_logintest_excel">
    <skipped/>
  </testcase> <!-- loginDDT -->
</testsuite> <!-- Ebanking Test -->
