<?xml version="1.0" encoding="UTF-8"?>
<!-- Generated by org.testng.reporters.JUnitXMLReporter -->
<testsuite hostname="ada-PC" ignored="0" name="Test" tests="6" failures="0" timestamp="13 Feb 2020 10:59:02 GMT" time="98.255" errors="0">
  <testcase name="Logintest" time="4.749" classname="Testcases.TC_Logintest"/>
  <testcase name="loginDDT" time="8.958" classname="Testcases.TC_logintest_excel"/>
  <testcase name="loginDDT" time="6.115" classname="Testcases.TC_logintest_excel"/>
  <testcase name="loginDDT" time="5.545" classname="Testcases.TC_logintest_excel"/>
  <testcase name="loginDDT" time="27.452" classname="Testcases.TC_logintest_excel"/>
  <testcase name="loginDDT" time="5.487" classname="Testcases.TC_logintest_excel"/>
</testsuite> <!-- Test -->
